Using pre-set license
Built from '2021.3/staging' branch; Version is '2021.3.6f1 (7da38d85baf6) revision 8233869'; Using compiler version '192829333'; Build Type 'Release'
OS: 'Windows 10  (10.0.19045) 64bit Professional' Language: 'es' Physical Memory: 8129 MB
BatchMode: 1, IsHumanControllingUs: 0, StartBugReporterOnCrash: 0, Is64bit: 1, IsPro: 1

COMMAND LINE ARGUMENTS:
C:\Program Files\Unity\Hub\Editor\2021.3.6f1\Editor\Unity.exe
-adb2
-batchMode
-noUpm
-name
AssetImportWorker0
-projectPath
C:/Users/Alumno/Desktop/ExamenProgramaci贸n_ToniAguilar/Examen_ToniAguilar
-logFile
Logs/AssetImportWorker0.log
-srvPort
50462
Successfully changed project path to: C:/Users/Alumno/Desktop/ExamenProgramaci贸n_ToniAguilar/Examen_ToniAguilar
C:/Users/Alumno/Desktop/ExamenProgramaci贸n_ToniAguilar/Examen_ToniAguilar
[UnityMemory] Configuration Parameters - Can be set up in boot.config
    "memorysetup-bucket-allocator-granularity=16"
    "memorysetup-bucket-allocator-bucket-count=8"
    "memorysetup-bucket-allocator-block-size=33554432"
    "memorysetup-bucket-allocator-block-count=8"
    "memorysetup-main-allocator-block-size=16777216"
    "memorysetup-thread-allocator-block-size=16777216"
    "memorysetup-gfx-main-allocator-block-size=16777216"
    "memorysetup-gfx-thread-allocator-block-size=16777216"
    "memorysetup-cache-allocator-block-size=4194304"
    "memorysetup-typetree-allocator-block-size=2097152"
    "memorysetup-profiler-bucket-allocator-granularity=16"
    "memorysetup-profiler-bucket-allocator-bucket-count=8"
    "memorysetup-profiler-bucket-allocator-block-size=33554432"
    "memorysetup-profiler-bucket-allocator-block-count=8"
    "memorysetup-profiler-allocator-block-size=16777216"
    "memorysetup-profiler-editor-allocator-block-size=1048576"
    "memorysetup-temp-allocator-size-main=16777216"
    "memorysetup-job-temp-allocator-block-size=2097152"
    "memorysetup-job-temp-allocator-block-size-background=1048576"
    "memorysetup-job-temp-allocator-reduction-small-platforms=262144"
    "memorysetup-temp-allocator-size-background-worker=32768"
    "memorysetup-temp-allocator-size-job-worker=262144"
    "memorysetup-temp-allocator-size-preload-manager=33554432"
    "memorysetup-temp-allocator-size-nav-mesh-worker=65536"
    "memorysetup-temp-allocator-size-audio-worker=65536"
    "memorysetup-temp-allocator-size-cloud-worker=32768"
    "memorysetup-temp-allocator-size-gi-baking-worker=262144"
    "memorysetup-temp-allocator-size-gfx=262144"
Refreshing native plugins compatible for Editor in 36.63 ms, found 2 plugins.
Preloading 0 native plugins for Editor in 0.00 ms.
Initialize engine version: 2021.3.6f1 (7da38d85baf6)
[Subsystems] Discovering subsystems at path C:/Program Files/Unity/Hub/Editor/2021.3.6f1/Editor/Data/Resources/UnitySubsystems
[Subsystems] Discovering subsystems at path C:/Users/Alumno/Desktop/ExamenProgramaci贸n_ToniAguilar/Examen_ToniAguilar/Assets
GfxDevice: creating device client; threaded=0; jobified=0
Direct3D:
    Version:  Direct3D 11.0 [level 11.1]
    Renderer: NVIDIA GeForce GTX 1050 (ID=0x1c81)
    Vendor:   NVIDIA
    VRAM:     1977 MB
    Driver:   31.0.15.1694
Initialize mono
Mono path[0] = 'C:/Program Files/Unity/Hub/Editor/2021.3.6f1/Editor/Data/Managed'
Mono path[1] = 'C:/Program Files/Unity/Hub/Editor/2021.3.6f1/Editor/Data/MonoBleedingEdge/lib/mono/unityjit-win32'
Mono config path = 'C:/Program Files/Unity/Hub/Editor/2021.3.6f1/Editor/Data/MonoBleedingEdge/etc'
Using monoOptions --debugger-agent=transport=dt_socket,embedding=1,server=y,suspend=n,address=127.0.0.1:56088
Begin MonoManager ReloadAssembly
Registering precompiled unity dll's ...
Register platform support module: C:/Program Files/Unity/Hub/Editor/2021.3.6f1/Editor/Data/PlaybackEngines/WindowsStandaloneSupport/UnityEditor.WindowsStandalone.Extensions.dll
Registered in 0.009741 seconds.
Native extension for WindowsStandalone target not found
Refreshing native plugins compatible for Editor in 45.52 ms, found 2 plugins.
Preloading 0 native plugins for Editor in 0.00 ms.
Mono: successfully reloaded assembly
- Completed reload, in  0.821 seconds
Domain Reload Profiling:
	ReloadAssembly (821ms)
		BeginReloadAssembly (137ms)
			ExecutionOrderSort (0ms)
			DisableScriptedObjects (0ms)
			BackupInstance (0ms)
			ReleaseScriptingObjects (0ms)
			CreateAndSetChildDomain (1ms)
		EndReloadAssembly (542ms)
			LoadAssemblies (134ms)
			RebuildTransferFunctionScriptingTraits (0ms)
			SetupTypeCache (131ms)
			ReleaseScriptCaches (0ms)
			RebuildScriptCaches (35ms)
			SetupLoadedEditorAssemblies (316ms)
				LogAssemblyErrors (0ms)
				InitializePlatformSupportModulesInManaged (10ms)
				SetLoadedEditorAssemblies (0ms)
				RefreshPlugins (46ms)
				BeforeProcessingInitializeOnLoad (2ms)
				ProcessInitializeOnLoadAttributes (192ms)
				ProcessInitializeOnLoadMethodAttributes (66ms)
				AfterProcessingInitializeOnLoad (0ms)
				EditorAssembliesLoaded (0ms)
			ExecutionOrderSort2 (0ms)
			AwakeInstancesAfterBackupRestoration (0ms)
Platform modules already initialized, skipping
Registering precompiled user dll's ...
Registered in 0.004967 seconds.
Begin MonoManager ReloadAssembly
Native extension for WindowsStandalone target not found
Refreshing native plugins compatible for Editor in 0.38 ms, found 2 plugins.
Preloading 0 native plugins for Editor in 0.00 ms.
Mono: successfully reloaded assembly
- Completed reload, in  1.139 seconds
Domain Reload Profiling:
	ReloadAssembly (1140ms)
		BeginReloadAssembly (142ms)
			ExecutionOrderSort (0ms)
			DisableScriptedObjects (7ms)
			BackupInstance (0ms)
			ReleaseScriptingObjects (0ms)
			CreateAndSetChildDomain (23ms)
		EndReloadAssembly (851ms)
			LoadAssemblies (99ms)
			RebuildTransferFunctionScriptingTraits (0ms)
			SetupTypeCache (231ms)
			ReleaseScriptCaches (0ms)
			RebuildScriptCaches (50ms)
			SetupLoadedEditorAssemblies (433ms)
				LogAssemblyErrors (0ms)
				InitializePlatformSupportModulesInManaged (7ms)
				SetLoadedEditorAssemblies (1ms)
				RefreshPlugins (0ms)
				BeforeProcessingInitializeOnLoad (71ms)
				ProcessInitializeOnLoadAttributes (305ms)
				ProcessInitializeOnLoadMethodAttributes (38ms)
				AfterProcessingInitializeOnLoad (11ms)
				EditorAssembliesLoaded (0ms)
			ExecutionOrderSort2 (0ms)
			AwakeInstancesAfterBackupRestoration (8ms)
Platform modules already initialized, skipping
========================================================================
Worker process is ready to serve import requests
Launched and connected shader compiler UnityShaderCompiler.exe after 0.06 seconds
Refreshing native plugins compatible for Editor in 0.46 ms, found 2 plugins.
Preloading 0 native plugins for Editor in 0.00 ms.
Unloading 1710 Unused Serialized files (Serialized files now loaded: 0)
Unloading 19 unused Assets / (55.3 KB). Loaded Objects now: 2175.
Memory consumption went from 73.5 MB to 73.4 MB.
Total: 3.221200 ms (FindLiveObjects: 0.190100 ms CreateObjectMapping: 0.098300 ms MarkObjects: 2.846800 ms  DeleteObjects: 0.085100 ms)

AssetImportParameters requested are different than current active one (requested -> active):
  custom:video-decoder-ogg-theora: a1e56fd34408186e4bbccfd4996cb3dc -> 
  custom:container-muxer-webm: aa71ff27fc2769a1b78a27578f13a17b -> 
  custom:container-demuxer-webm: 4f35f7cbe854078d1ac9338744f61a02 -> 
  custom:video-encoder-webm-vp8: eb34c28f22e8b96e1ab97ce403110664 -> 
  custom:audio-encoder-webm-vorbis: bf7c407c2cedff20999df2af8eb42d56 -> 
  custom:framework-win-MediaFoundation: 216162199b28c13a410421893ffa2e32 -> 
  custom:container-demuxer-ogg: 62fdf1f143b41e24485cea50d1cbac27 -> 
  custom:video-decoder-webm-vp8: 9c59270c3fd7afecdb556c50c9e8de78 -> 
  custom:audio-decoder-ogg-vorbis: bf7c407c2cedff20999df2af8eb42d56 -> 
========================================================================
Received Import Request.
  Time since last request: 1048.316407 seconds.
  path: Assets/Scenes
  artifactKey: Guid(378c8799045dde54e8ca7ccf247bf877) Importer(815301076,1909f56bfc062723c751e8b465ee728b)
Start importing Assets/Scenes using Guid(378c8799045dde54e8ca7ccf247bf877) Importer(815301076,1909f56bfc062723c751e8b465ee728b)  -> (artifact id: '556860e19e78a0e75fca37378a345fb3') in 0.011331 seconds 
========================================================================
Received Import Request.
  Time since last request: 0.000024 seconds.
  path: Assets/Scenes/Nivel1.unity
  artifactKey: Guid(9fc0d4010bbf28b4594072e72b8655ab) Importer(815301076,1909f56bfc062723c751e8b465ee728b)
Start importing Assets/Scenes/Nivel1.unity using Guid(9fc0d4010bbf28b4594072e72b8655ab) Importer(815301076,1909f56bfc062723c751e8b465ee728b)  -> (artifact id: '7562f7782c51cdbef9ec3c76de691aaa') in 0.007250 seconds 
========================================================================
Received Import Request.
  Time since last request: 6.340704 seconds.
  path: Assets/Fonts
  artifactKey: Guid(d23e93363bbdbea45b050fa8675f7d99) Importer(815301076,1909f56bfc062723c751e8b465ee728b)
Start importing Assets/Fonts using Guid(d23e93363bbdbea45b050fa8675f7d99) Importer(815301076,1909f56bfc062723c751e8b465ee728b)  -> (artifact id: '10b2b6ec31ef5d0e3a962690c88460f8') in 0.013564 seconds 
========================================================================
Received Import Request.
  Time since last request: 0.045876 seconds.
  path: Assets/Fonts/Super Mario Bros. 2.ttf
  artifactKey: Guid(17022a147991f65479029a6e9c821649) Importer(815301076,1909f56bfc062723c751e8b465ee728b)
Start importing Assets/Fonts/Super Mario Bros. 2.ttf using Guid(17022a147991f65479029a6e9c821649) Importer(815301076,1909f56bfc062723c751e8b465ee728b)  -> (artifact id: '69ea3e8b47c553bb687cef64daba3b3e') in 0.176123 seconds 
========================================================================
Received Import Request.
  Time since last request: 1.493855 seconds.
  path: Assets/Sounds
  artifactKey: Guid(f969b2cff33312146846635a50ec958f) Importer(815301076,1909f56bfc062723c751e8b465ee728b)
Start importing Assets/Sounds using Guid(f969b2cff33312146846635a50ec958f) Importer(815301076,1909f56bfc062723c751e8b465ee728b)  -> (artifact id: '8058760fdb68fd9b180dfd070bdf0228') in 0.008836 seconds 
========================================================================
Received Import Request.
  Time since last request: 0.031875 seconds.
  path: Assets/Sounds/1up.wav
  artifactKey: Guid(bcd7e8c9ec926c74e9d7f6dfba5871f7) Importer(815301076,1909f56bfc062723c751e8b465ee728b)
Start importing Assets/Sounds/1up.wav using Guid(bcd7e8c9ec926c74e9d7f6dfba5871f7) Importer(815301076,1909f56bfc062723c751e8b465ee728b)  -> (artifact id: '4b7563cba112da575e1f045482fbcc57') in 0.318405 seconds 
========================================================================
Received Import Request.
  Time since last request: 0.000024 seconds.
  path: Assets/Sounds/Vine.wav
  artifactKey: Guid(0a6fbaa534bcc0543a15e3737ff9c70d) Importer(815301076,1909f56bfc062723c751e8b465ee728b)
Start importing Assets/Sounds/Vine.wav using Guid(0a6fbaa534bcc0543a15e3737ff9c70d) Importer(815301076,1909f56bfc062723c751e8b465ee728b)  -> (artifact id: '3c9041b9cae6e4b253f1c55aa222bb53') in 0.021158 seconds 
========================================================================
Received Import Request.
  Time since last request: 0.000042 seconds.
  path: Assets/Sounds/Enemy Fire.wav
  artifactKey: Guid(15a7f3da63251714195dab3531220a4d) Importer(815301076,1909f56bfc062723c751e8b465ee728b)
Start importing Assets/Sounds/Enemy Fire.wav using Guid(15a7f3da63251714195dab3531220a4d) Importer(815301076,1909f56bfc062723c751e8b465ee728b)  -> (artifact id: '067915969d9703bc7179b5399caf5f82') in 0.018111 seconds 
========================================================================
Received Import Request.
  Time since last request: 0.000030 seconds.
  path: Assets/Sounds/Jump.wav
  artifactKey: Guid(bacbfb91cd32b974c851f4847a9a20d3) Importer(815301076,1909f56bfc062723c751e8b465ee728b)
Start importing Assets/Sounds/Jump.wav using Guid(bacbfb91cd32b974c851f4847a9a20d3) Importer(815301076,1909f56bfc062723c751e8b465ee728b)  -> (artifact id: '3baed7f5e8384f1d0db9c532c1a8d6cf') in 0.020536 seconds 
========================================================================
Received Import Request.
  Time since last request: 0.000023 seconds.
  path: Assets/Sounds/Big Jump.wav
  artifactKey: Guid(f00b781676340c8438047d397d109eed) Importer(815301076,1909f56bfc062723c751e8b465ee728b)
Start importing Assets/Sounds/Big Jump.wav using Guid(f00b781676340c8438047d397d109eed) Importer(815301076,1909f56bfc062723c751e8b465ee728b)  -> (artifact id: 'a4e5c0ca5aa3735121c270ce49bbabb5') in 0.023556 seconds 
========================================================================
Received Import Request.
  Time since last request: 0.000018 seconds.
  path: Assets/Sounds/Super Mario Bros (NES) Music - Overworld Theme.mp3
  artifactKey: Guid(8bff5de5b9e33894d8e15dd893479b66) Importer(815301076,1909f56bfc062723c751e8b465ee728b)
Start importing Assets/Sounds/Super Mario Bros (NES) Music - Overworld Theme.mp3 using Guid(8bff5de5b9e33894d8e15dd893479b66) Importer(815301076,1909f56bfc062723c751e8b465ee728b)  -> (artifact id: '7208fdaac8575a3f55430c764029dcd8') in 0.032809 seconds 
========================================================================
Received Import Request.
  Time since last request: 0.000031 seconds.
  path: Assets/Sounds/Flagpole.wav
  artifactKey: Guid(1d69f9c0525a46e47a1c20443df44901) Importer(815301076,1909f56bfc062723c751e8b465ee728b)
Start importing Assets/Sounds/Flagpole.wav using Guid(1d69f9c0525a46e47a1c20443df44901) Importer(815301076,1909f56bfc062723c751e8b465ee728b)  -> (artifact id: 'a7041b7f63f97c81fa137772c796fd34') in 0.023102 seconds 
========================================================================
Received Import Request.
  Time since last request: 0.000020 seconds.
  path: Assets/Sounds/Thwomp.wav
  artifactKey: Guid(3ab056c3e485c1c4c9f39934cf282e1d) Importer(815301076,1909f56bfc062723c751e8b465ee728b)
Start importing Assets/Sounds/Thwomp.wav using Guid(3ab056c3e485c1c4c9f39934cf282e1d) Importer(815301076,1909f56bfc062723c751e8b465ee728b)  -> (artifact id: '827878d881fd523f023d98eae57855cd') in 0.019730 seconds 
========================================================================
Received Import Request.
  Time since last request: 0.000018 seconds.
  path: Assets/Sounds/Game Over.wav
  artifactKey: Guid(db9bafa808d4b134583923e6263b7933) Importer(815301076,1909f56bfc062723c751e8b465ee728b)
Start importing Assets/Sounds/Game Over.wav using Guid(db9bafa808d4b134583923e6263b7933) Importer(815301076,1909f56bfc062723c751e8b465ee728b)  -> (artifact id: '2b6128b1d0b8efcd92c444ef2fa55382') in 0.026693 seconds 
========================================================================
Received Import Request.
  Time since last request: 0.000029 seconds.
  path: Assets/Sounds/Die.wav
  artifactKey: Guid(ff2862697648da34bb444794988001b5) Importer(815301076,1909f56bfc062723c751e8b465ee728b)
Start importing Assets/Sounds/Die.wav using Guid(ff2862697648da34bb444794988001b5) Importer(815301076,1909f56bfc062723c751e8b465ee728b)  -> (artifact id: '6c44e9f6c32ab8e5f63b0d5a57835c20') in 0.023802 seconds 
========================================================================
Received Import Request.
  Time since last request: 0.000292 seconds.
  path: Assets/Sounds/Skid.wav
  artifactKey: Guid(b6f13ac8c0022004bb74e369d8f2f828) Importer(815301076,1909f56bfc062723c751e8b465ee728b)
Start importing Assets/Sounds/Skid.wav using Guid(b6f13ac8c0022004bb74e369d8f2f828) Importer(815301076,1909f56bfc062723c751e8b465ee728b)  -> (artifact id: 'fc4c9f29f333a50cd4046e3f626489d7') in 0.019397 seconds 
========================================================================
Received Import Request.
  Time since last request: 0.000033 seconds.
  path: Assets/Sounds/Fire Ball.wav
  artifactKey: Guid(4747198fa21d7f041ad5baca0b08aac8) Importer(815301076,1909f56bfc062723c751e8b465ee728b)
Start importing Assets/Sounds/Fire Ball.wav using Guid(4747198fa21d7f041ad5baca0b08aac8) Importer(815301076,1909f56bfc062723c751e8b465ee728b)  -> (artifact id: 'cb181232255b38393a494bd8e50a3d6b') in 0.026316 seconds 
========================================================================
Received Import Request.
  Time since last request: 1.421726 seconds.
  path: Assets/Sprites
  artifactKey: Guid(756e1624ce2ede843bb033f51249ad26) Importer(815301076,1909f56bfc062723c751e8b465ee728b)
Start importing Assets/Sprites using Guid(756e1624ce2ede843bb033f51249ad26) Importer(815301076,1909f56bfc062723c751e8b465ee728b)  -> (artifact id: '14bf7a41bd72cc3eba8a6080a67cdf30') in 0.012842 seconds 
========================================================================
Received Import Request.
  Time since last request: 0.039974 seconds.
  path: Assets/Sprites/Banderas.png
  artifactKey: Guid(25d2ab0ebc5e13f459aadedb3d0b2aa4) Importer(815301076,1909f56bfc062723c751e8b465ee728b)
Start importing Assets/Sprites/Banderas.png using Guid(25d2ab0ebc5e13f459aadedb3d0b2aa4) Importer(815301076,1909f56bfc062723c751e8b465ee728b)  -> (artifact id: '0c833bab0d5485f36d9859106391c404') in 0.200215 seconds 
========================================================================
Received Import Request.
  Time since last request: 0.000030 seconds.
  path: Assets/Sprites/Goombas.png
  artifactKey: Guid(aba45d88a321240409f9dff2b4042982) Importer(815301076,1909f56bfc062723c751e8b465ee728b)
Start importing Assets/Sprites/Goombas.png using Guid(aba45d88a321240409f9dff2b4042982) Importer(815301076,1909f56bfc062723c751e8b465ee728b)  -> (artifact id: '3082e81044f3c2dd2a425e12703594e6') in 0.036556 seconds 
========================================================================
Received Import Request.
  Time since last request: 0.004685 seconds.
  path: Assets/Sprites/Coins1.png
  artifactKey: Guid(2b7965f5949b8f74e8e450dbd3830b20) Importer(815301076,1909f56bfc062723c751e8b465ee728b)
Start importing Assets/Sprites/Coins1.png using Guid(2b7965f5949b8f74e8e450dbd3830b20) Importer(815301076,1909f56bfc062723c751e8b465ee728b)  -> (artifact id: 'a32e2977ed9338345f3d74257fb8fd2c') in 0.051485 seconds 
========================================================================
Received Import Request.
  Time since last request: 0.000028 seconds.
  path: Assets/Sprites/Mario.png
  artifactKey: Guid(9050f1b421cd4b948a01e0fcdfc33a75) Importer(815301076,1909f56bfc062723c751e8b465ee728b)
Start importing Assets/Sprites/Mario.png using Guid(9050f1b421cd4b948a01e0fcdfc33a75) Importer(815301076,1909f56bfc062723c751e8b465ee728b)  -> (artifact id: 'a791b3f3a622618803e8021fcc4863b0') in 0.036718 seconds 
========================================================================
Received Import Request.
  Time since last request: 0.000376 seconds.
  path: Assets/Sprites/Super_Mario_Bros._Logo.png
  artifactKey: Guid(7f9faf63d3fc4a640889512922ec08a5) Importer(815301076,1909f56bfc062723c751e8b465ee728b)
Start importing Assets/Sprites/Super_Mario_Bros._Logo.png using Guid(7f9faf63d3fc4a640889512922ec08a5) Importer(815301076,1909f56bfc062723c751e8b465ee728b)  -> (artifact id: 'f722a996f53c3148ed64733bc2d0cc5a') in 0.031382 seconds 
Editor requested this worker to shutdown with reason: Scaling down because of idle timeout
AssetImportWorker is now disconnected from the server
Process exiting
Exiting without the bug reporter. Application will terminate with return code 0